#
# A fatal error has been detected by the Java Runtime Environment:
#
#  SIGBUS (0x7) at pc=0x00007f20037c3e10, pid=19879, tid=0x00007f1ff083d700
#
# JRE version: OpenJDK Runtime Environment (8.0_275-b01) (build 1.8.0_275-8u275-b01-0ubuntu1~18.04-b01)
# Java VM: OpenJDK 64-Bit Server VM (25.275-b01 mixed mode linux-amd64 compressed oops)
# Problematic frame:
# C  [libzip.so+0x4e10]
#
# Failed to write core dump. Core dumps have been disabled. To enable core dumping, try "ulimit -c unlimited" before starting Java again
#
# If you would like to submit a bug report, please visit:
#   http://bugreport.java.com/bugreport/crash.jsp
# The crash happened outside the Java Virtual Machine in native code.
# See problematic frame for where to report the bug.
#

---------------  T H R E A D  ---------------

Current thread (0x00007f1fc0003000):  JavaThread "#0" [_thread_in_native, id=19896, stack(0x00007f1ff073d000,0x00007f1ff083e000)]

siginfo: si_signo: 7 (SIGBUS), si_code: 2 (BUS_ADRERR), si_addr: 0x00007f1ff0f0d6aa

Registers:
RAX=0x00007f1fb8130710, RBX=0x00007f20041390e0, RCX=0x00007f1fb80008d0, RDX=0x00007f1fb8130710
RSP=0x00007f1ff083a320, RBP=0x00007f1ff083a390, RSI=0x00007f1fb80008e8, RDI=0x0000000000000000
R8 =0x00000000645e36ac, R9 =0x0000000000000020, R10=0x00007f1ff48e6218, R11=0x00000000f5ed68c0
R12=0x000000000000068c, R13=0x00000000645e36ac, R14=0x00007f1fb8130710, R15=0x00007f1ff0f0d68c
RIP=0x00007f20037c3e10, EFLAGS=0x0000000000010202, CSGSFS=0x002b000000000033, ERR=0x0000000000000004
  TRAPNO=0x000000000000000e

Top of Stack: (sp=0x00007f1ff083a320)
0x00007f1ff083a320:   00007f1ff083c090 00007f1ff083c094
0x00007f1ff083a330:   00007f1ff083c1c0 00000001001d61c8
0x00007f1ff083a340:   00007f1ff083c230 00007f1ff083c234
0x00007f1ff083a350:   00007f1fc0003000 0000000009ae1771
0x00007f1ff083a360:   0000000000000020 00007f1ff0e9d0a0
0x00007f1ff083a370:   0000000000000020 00000000645e36ac
0x00007f1ff083a380:   00007f20041390e0 00007f1fb812ebd0
0x00007f1ff083a390:   00007f1ff083a3e0 00007f20037c4abe
0x00007f1ff083a3a0:   01007f1f00000020 00007f1ff083a400
0x00007f1ff083a3b0:   00007f1ff083a3e0 0000000000000020
0x00007f1ff083a3c0:   00007f1fc0003250 00007f1ff083a858
0x00007f1ff083a3d0:   00007f1ff083a400 00007f20041390e0
0x00007f1ff083a3e0:   00007f1ff083a840 00007f20037c2ac5
0x00007f1ff083a3f0:   00007f200ac27fa0 00007f2000000001
0x00007f1ff083a400:   6863732f66656d61 656863532f616d65
0x00007f1ff083a410:   7265706f7250616d 7373616c632e7974
0x00007f1ff083a420:   0000000000000000 00007f1ff083ab20
0x00007f1ff083a430:   ffffffffffffffff 0000000100000000
0x00007f1ff083a440:   00007f1ff083a510 00007f1f00000000
0x00007f1ff083a450:   00007f1f00000000 00007f2000000000
0x00007f1ff083a460:   00007f1f00000000 00007f2000000000
0x00007f1ff083a470:   0000000000000000 00007f1f00000000
0x00007f1ff083a480:   00007f1ff083a550 00007f2000000028
0x00007f1ff083a490:   00007f2009d674aa 00007f200a8ce59c
0x00007f1ff083a4a0:   00007f1ff083ae68 00007f2009d674ab
0x00007f1ff083a4b0:   00007f2009d674a9 00007f2009d674a9
0x00007f1ff083a4c0:   00007f1ff083aa60 00007f1ff083ac40
0x00007f1ff083a4d0:   0000000000000000 00007f1ff083aa70
0x00007f1ff083a4e0:   00007f200ac27fa0 00007f200a89baaa
0x00007f1ff083a4f0:   000000000000000e 00007f1ff083aa90
0x00007f1ff083a500:   00007f200ac27fa0 00007f200a89baaa
0x00007f1ff083a510:   0000000000000000 00007f2009bba833 

Instructions: (pc=0x00007f20037c3e10)
0x00007f20037c3df0:   00 00 00 48 c7 40 28 00 00 00 00 4d 8b 24 24 0f
0x00007f20037c3e00:   84 1b 01 00 00 4c 2b 63 28 4c 8b 7b 18 4d 01 e7
0x00007f20037c3e10:   41 0f b7 47 1e 45 0f b7 6f 1c 45 31 e4 66 89 45
0x00007f20037c3e20:   ca 41 0f b7 47 20 44 89 ea 66 89 45 c8 41 8b 47 

Register to memory mapping:

RAX=0x00007f1fb8130710 is an unknown value
RBX=0x00007f20041390e0 is an unknown value
RCX=0x00007f1fb80008d0 is an unknown value
RDX=0x00007f1fb8130710 is an unknown value
RSP=0x00007f1ff083a320 is pointing into the stack for thread: 0x00007f1fc0003000
RBP=0x00007f1ff083a390 is pointing into the stack for thread: 0x00007f1fc0003000
RSI=0x00007f1fb80008e8 is an unknown value
RDI=0x0000000000000000 is an unknown value
R8 =0x00000000645e36ac is an unknown value
R9 =0x0000000000000020 is an unknown value
R10=0x00007f1ff48e6218 is at entry_point+88 in (nmethod*)0x00007f1ff48e6050
R11=0x00000000f5ed68c0 is an oop
